<?xml version="1.0" encoding="UTF-8"?>
<testsuite name="test.java.CharacterSessionTest" tests="4" skipped="0" failures="0" errors="0" timestamp="2022-05-08T07:14:04" hostname="JACOBPAVIL" time="0.066">
  <properties/>
  <testcase name="testSessionUpdateTime" classname="test.java.CharacterSessionTest" time="0.049"/>
  <testcase name="testInvalidDiceRollInputs" classname="test.java.CharacterSessionTest" time="0.002"/>
  <testcase name="testDefaultCharacterSheetJson" classname="test.java.CharacterSessionTest" time="0.013"/>
  <testcase name="TestSessionID" classname="test.java.CharacterSessionTest" time="0.002"/>
  <system-out><![CDATA[Testing Session Update Time
SESSION UPDATE TIME TEST PASSED
Testing Invalid Dice Inputs
Testing Invalid Dice Count
INVALID DICE COUNT TEST PASSED
Testing Invalid modifier option
INVALID MODIFIER OPTION TEST PASSED
Testing Invalid dice type input
INVALID DICE TYPE INPUT PASSED
INVALID DICE INPUTS PASSED
Testing Default Character Sheet Json Conversion
Checking for: profBonus
Checking for: items
Checking for: level
Checking for: initiative
Checking for: hitPoints
Checking for: speed
Checking for: armorClass
Checking for: goldCount
Checking for: classType
Checking for: mainClass
Checking for: subClass
Checking for: baseMod
Checking for: abilityScore
Checking for: mod
Checking for: STR
Checking for: DEX
Checking for: CON
Checking for: INT
Checking for: WIS
Checking for: CHA
TESTING DEFAULT CHARACTER SHEET JSON PASSED
Testing Session ID: 0
SESSION ID TEST PASSED
Testing Session ID: 1
SESSION ID TEST PASSED
Testing Session ID: 123
SESSION ID TEST PASSED
Testing Session ID: 456
SESSION ID TEST PASSED
Testing Session ID: 25a98721
SESSION ID TEST PASSED
Testing Session ID: 999999999
SESSION ID TEST PASSED
]]></system-out>
  <system-err><![CDATA[]]></system-err>
</testsuite>
